Build started 8/4/2020 3:45:25 PM.
     1>Project "D:\IT\Sem 3\Proyek SD\dakon\dakon\dakon.vcxproj" on node 2 (build target(s)).
     1>InitializeBuildStatus:
         Creating "Debug\dakon.unsuccessfulbuild" because "AlwaysCreate" was specified.
       ClCompile:
         C:\Program Files (x86)\Microsoft Visual Studio 10.0\VC\bin\CL.exe /c /I"D:\SFML-2.3.2\include" /ZI /nologo /W3 /WX- /Od /Oy- /D WIN32 /D _DEBUG /D _CONSOLE /D _UNICODE /D UNICODE /Gm /EHsc /RTC1 /MDd /GS /fp:precise /Zc:wchar_t /Zc:forScope /Fo"Debug\\" /Fd"Debug\vc100.pdb" /Gd /TP /analyze- /errorReport:prompt main.cpp
         main.cpp
     1>d:\it\sem 3\proyek sd\dakon\dakon\player.h(12): warning C4244: 'argument' : conversion from 'time_t' to 'unsigned int', possible loss of data
     1>d:\it\sem 3\proyek sd\dakon\dakon\dakon.h(23): warning C4305: 'argument' : truncation from 'double' to 'float'
     1>d:\it\sem 3\proyek sd\dakon\dakon\dakon.h(23): warning C4305: 'argument' : truncation from 'double' to 'float'
     1>d:\it\sem 3\proyek sd\dakon\dakon\dakon.h(35): warning C4244: 'argument' : conversion from 'double' to 'float', possible loss of data
     1>d:\it\sem 3\proyek sd\dakon\dakon\dakon.h(35): warning C4244: 'argument' : conversion from 'double' to 'float', possible loss of data
     1>d:\it\sem 3\proyek sd\dakon\dakon\dakon.h(39): warning C4244: 'argument' : conversion from 'double' to 'float', possible loss of data
     1>d:\it\sem 3\proyek sd\dakon\dakon\dakon.h(42): warning C4244: 'argument' : conversion from 'double' to 'float', possible loss of data
     1>d:\it\sem 3\proyek sd\dakon\dakon\dakon.h(42): warning C4244: 'argument' : conversion from 'double' to 'float', possible loss of data
     1>d:\it\sem 3\proyek sd\dakon\dakon\dakon.h(45): warning C4244: 'argument' : conversion from 'double' to 'float', possible loss of data
     1>d:\it\sem 3\proyek sd\dakon\dakon\dakon.h(45): warning C4244: 'argument' : conversion from 'double' to 'float', possible loss of data
     1>d:\it\sem 3\proyek sd\dakon\dakon\dakon.h(65): warning C4244: 'argument' : conversion from 'time_t' to 'unsigned int', possible loss of data
     1>d:\it\sem 3\proyek sd\dakon\dakon\dakon.h(89): warning C4244: 'argument' : conversion from 'double' to 'float', possible loss of data
     1>d:\it\sem 3\proyek sd\dakon\dakon\dakon.h(89): warning C4244: 'argument' : conversion from 'double' to 'float', possible loss of data
     1>d:\it\sem 3\proyek sd\dakon\dakon\dakon.h(92): warning C4244: '=' : conversion from 'double' to 'float', possible loss of data
     1>d:\it\sem 3\proyek sd\dakon\dakon\dakon.h(93): warning C4244: '=' : conversion from 'double' to 'float', possible loss of data
     1>d:\it\sem 3\proyek sd\dakon\dakon\dakon.h(160): warning C4996: 'sprintf': This function or variable may be unsafe. Consider using sprintf_s instead. To disable deprecation, use _CRT_SECURE_NO_WARNINGS. See online help for details.
                 c:\program files (x86)\microsoft visual studio 10.0\vc\include\stdio.h(371) : see declaration of 'sprintf'
     1>d:\it\sem 3\proyek sd\dakon\dakon\dakon.h(167): warning C4244: 'initializing' : conversion from 'float' to 'int', possible loss of data
     1>d:\it\sem 3\proyek sd\dakon\dakon\dakon.h(168): warning C4244: 'initializing' : conversion from 'float' to 'int', possible loss of data
     1>d:\it\sem 3\proyek sd\dakon\dakon\main.cpp(82): warning C4244: 'initializing' : conversion from 'int' to 'float', possible loss of data
     1>d:\it\sem 3\proyek sd\dakon\dakon\main.cpp(82): warning C4244: 'initializing' : conversion from 'int' to 'float', possible loss of data
     1>d:\it\sem 3\proyek sd\dakon\dakon\main.cpp(109): warning C4305: 'argument' : truncation from 'double' to 'float'
     1>d:\it\sem 3\proyek sd\dakon\dakon\main.cpp(109): warning C4305: 'argument' : truncation from 'double' to 'float'
     1>d:\it\sem 3\proyek sd\dakon\dakon\main.cpp(114): warning C4305: 'argument' : truncation from 'double' to 'float'
     1>d:\it\sem 3\proyek sd\dakon\dakon\main.cpp(114): warning C4305: 'argument' : truncation from 'double' to 'float'
     1>d:\it\sem 3\proyek sd\dakon\dakon\main.cpp(119): warning C4305: 'argument' : truncation from 'double' to 'float'
     1>d:\it\sem 3\proyek sd\dakon\dakon\main.cpp(119): warning C4305: 'argument' : truncation from 'double' to 'float'
     1>d:\it\sem 3\proyek sd\dakon\dakon\main.cpp(124): warning C4305: 'argument' : truncation from 'double' to 'float'
     1>d:\it\sem 3\proyek sd\dakon\dakon\main.cpp(124): warning C4305: 'argument' : truncation from 'double' to 'float'
     1>d:\it\sem 3\proyek sd\dakon\dakon\main.cpp(129): warning C4305: 'argument' : truncation from 'double' to 'float'
     1>d:\it\sem 3\proyek sd\dakon\dakon\main.cpp(129): warning C4305: 'argument' : truncation from 'double' to 'float'
     1>d:\it\sem 3\proyek sd\dakon\dakon\main.cpp(139): warning C4244: 'initializing' : conversion from 'int' to 'float', possible loss of data
     1>d:\it\sem 3\proyek sd\dakon\dakon\main.cpp(139): warning C4244: 'initializing' : conversion from 'int' to 'float', possible loss of data
     1>d:\it\sem 3\proyek sd\dakon\dakon\main.cpp(159): warning C4244: 'initializing' : conversion from 'int' to 'float', possible loss of data
     1>d:\it\sem 3\proyek sd\dakon\dakon\main.cpp(159): warning C4244: 'initializing' : conversion from 'int' to 'float', possible loss of data
     1>d:\it\sem 3\proyek sd\dakon\dakon\main.cpp(179): warning C4305: 'argument' : truncation from 'double' to 'float'
     1>d:\it\sem 3\proyek sd\dakon\dakon\main.cpp(179): warning C4305: 'argument' : truncation from 'double' to 'float'
     1>d:\it\sem 3\proyek sd\dakon\dakon\main.cpp(201): warning C4305: 'argument' : truncation from 'double' to 'float'
     1>d:\it\sem 3\proyek sd\dakon\dakon\main.cpp(201): warning C4305: 'argument' : truncation from 'double' to 'float'
     1>d:\it\sem 3\proyek sd\dakon\dakon\main.cpp(223): warning C4305: 'argument' : truncation from 'double' to 'float'
     1>d:\it\sem 3\proyek sd\dakon\dakon\main.cpp(223): warning C4305: 'argument' : truncation from 'double' to 'float'
     1>d:\it\sem 3\proyek sd\dakon\dakon\main.cpp(348): warning C4244: 'initializing' : conversion from 'int' to 'float', possible loss of data
     1>d:\it\sem 3\proyek sd\dakon\dakon\main.cpp(348): warning C4244: 'initializing' : conversion from 'int' to 'float', possible loss of data
     1>d:\it\sem 3\proyek sd\dakon\dakon\main.cpp(383): warning C4244: 'initializing' : conversion from 'int' to 'float', possible loss of data
     1>d:\it\sem 3\proyek sd\dakon\dakon\main.cpp(383): warning C4244: 'initializing' : conversion from 'int' to 'float', possible loss of data
     1>d:\it\sem 3\proyek sd\dakon\dakon\main.cpp(391): warning C4244: 'initializing' : conversion from 'int' to 'float', possible loss of data
     1>d:\it\sem 3\proyek sd\dakon\dakon\main.cpp(391): warning C4244: 'initializing' : conversion from 'int' to 'float', possible loss of data
     1>d:\it\sem 3\proyek sd\dakon\dakon\main.cpp(404): warning C4244: 'argument' : conversion from 'int' to 'float', possible loss of data
     1>d:\it\sem 3\proyek sd\dakon\dakon\main.cpp(404): warning C4244: 'argument' : conversion from 'int' to 'float', possible loss of data
     1>d:\it\sem 3\proyek sd\dakon\dakon\main.cpp(441): warning C4244: 'initializing' : conversion from 'int' to 'float', possible loss of data
     1>d:\it\sem 3\proyek sd\dakon\dakon\main.cpp(441): warning C4244: 'initializing' : conversion from 'int' to 'float', possible loss of data
     1>d:\it\sem 3\proyek sd\dakon\dakon\main.cpp(449): warning C4244: 'initializing' : conversion from 'int' to 'float', possible loss of data
     1>d:\it\sem 3\proyek sd\dakon\dakon\main.cpp(449): warning C4244: 'initializing' : conversion from 'int' to 'float', possible loss of data
     1>d:\it\sem 3\proyek sd\dakon\dakon\player.h(39): warning C4715: 'player::powerup' : not all control paths return a value
     1>d:\it\sem 3\proyek sd\dakon\dakon\main.cpp(824): warning C4715: 'getdpn' : not all control paths return a value
       ManifestResourceCompile:
         C:\Program Files (x86)\Microsoft SDKs\Windows\v7.0A\bin\rc.exe /nologo /fo"Debug\dakon.exe.embed.manifest.res" Debug\dakon_manifest.rc 
       Link:
         C:\Program Files (x86)\Microsoft Visual Studio 10.0\VC\bin\link.exe /ERRORREPORT:PROMPT /OUT:"D:\IT\Sem 3\Proyek SD\dakon\Debug\dakon.exe" /INCREMENTAL /NOLOGO /LIBPATH:"D:\SFML-2.3.2\lib" "sfml-graphics-d.lib" "sfml-window-d.lib" "sfml-system-d.lib" "sfml-audio-d.lib" kernel32.lib user32.lib gdi32.lib winspool.lib comdlg32.lib advapi32.lib shell32.lib ole32.lib oleaut32.lib uuid.lib odbc32.lib odbccp32.lib /MANIFEST /ManifestFile:"Debug\dakon.exe.intermediate.manifest" /MANIFESTUAC:"level='asInvoker' uiAccess='false'" /DEBUG /PDB:"D:\IT\Sem 3\Proyek SD\dakon\Debug\dakon.pdb" /SUBSYSTEM:CONSOLE /TLBID:1 /DYNAMICBASE /NXCOMPAT /IMPLIB:"D:\IT\Sem 3\Proyek SD\dakon\Debug\dakon.lib" /MACHINE:X86 Debug\dakon.exe.embed.manifest.res
         Debug\main.obj
       Manifest:
         C:\Program Files (x86)\Microsoft SDKs\Windows\v7.0A\bin\mt.exe /nologo /verbose /out:"Debug\dakon.exe.embed.manifest" /manifest Debug\dakon.exe.intermediate.manifest
         All outputs are up-to-date.
       LinkEmbedManifest:
         All outputs are up-to-date.
         dakon.vcxproj -> D:\IT\Sem 3\Proyek SD\dakon\Debug\dakon.exe
       FinalizeBuildStatus:
         Deleting file "Debug\dakon.unsuccessfulbuild".
         Touching "Debug\dakon.lastbuildstate".
     1>Done Building Project "D:\IT\Sem 3\Proyek SD\dakon\dakon\dakon.vcxproj" (build target(s)).

Build succeeded.

Time Elapsed 00:00:07.01
